;; Dribble of #<IO TERMINAL-STREAM> started on 2015-10-21 22:57:26.
Action               State
======               =====
                     326898852
V                    303016812
<                    315771396
^                    317894244
^                    317898612
>                    317898596
>                    317898020
V                    317839052
<                    318101492
V                    303772268
>                    35926004
^                    250864364
<                    251021828
<                    251056820
V                    248933972
>                    219173276
^                    247831724
<                    247855052
^                    247856508
>                    247856444
>                    247856372
V                    247679468
<                    247889420
<                    247901084
^                    247906908
>                    247906900
V                    247893796
======               =====
Total of 915 nodes expanded.
Action               State
======               =====
                     229115508
>                    229063020
^                    229239924
<                    229240212
V                    229233660
V                    219680844
>                    28362084
^                    157325100
<                    157430076
<                    157470900
^                    157475268
>                    157475260
>                    157474972
V                    157357036
V                    28394020
<                    219712780
^                    253147636
<                    253182628
V                    248936932
>                    219176236
^                    247834684
^                    247860892
>                    247860748
V                    247683844
<                    247893796
======               =====
Total of 1761 nodes expanded.
Action               State
======               =====
                     281365580
<                    281365652
V                    281313236
<                    281342396
^                    281343852
>                    281343788
>                    281343716
V                    281166812
<                    281429252
V                    262323620
>                    32741108
^                    247679468
<                    247889420
<                    247901084
^                    247906908
>                    247906900
V                    247893796
======               =====
Total of 53 nodes expanded.
Action               State
======               =====
                     255178980
>                    255178924
V                    255152716
>                    255100228
^                    255454036
<                    255454324
V                    255447772
<                    255459436
^                    255464532
>                    255464524
V                    255451420
<                    255492244
V                    253900108
>                    219887884
^                    253322740
<                    253340236
^                    253340964
>                    253340948
V                    253321292
>                    253006364
^                    253242236
<                    253242452
<                    253242468
V                    253241740
V                    248996044
>                    219235348
^                    247893796
======               =====
Total of 1870 nodes expanded.
Action               State
======               =====
                     34348980
^                    249287340
^                    249759084
<                    249759372
<                    249759396
V                    249757940
V                    249227228
>                    219466532
^                    248124980
>                    247705076
^                    247940948
<                    247941164
<                    247941180
V                    247940452
>                    247893796
======               =====
Total of 14 nodes expanded.
Action               State
======               =====
                     27808948
<                    219127708
^                    257338972
>                    257233996
^                    257587804
<                    257588020
V                    257574916
>                    257259988
V                    42321628
<                    348431644
^                    377090092
<                    377113420
V                    373398436
>                    347889268
>                    41779252
^                    256717612
<                    256927564
V                    218716300
<                    244225468
^                    247940452
>                    247893796
======               =====
Total of 437 nodes expanded.
Action               State
======               =====
                     199461724
<                    199461940
V                    199409524
<                    199415356
^                    199420452
>                    199420388
V                    199413836
>                    199308860
V                    27358172
<                    218676932
<                    244186100
^                    247901084
^                    247906908
>                    247906900
V                    247893796
======               =====
Total of 60 nodes expanded.
Action               State
======               =====
                     285977540
<                    286000868
V                    282285884
>                    261028244
^                    280133876
>                    280081388
V                    22155356
<                    175210364
<                    196468004
^                    200182988
>                    200177156
>                    199862228
V                    27911540
<                    219230300
^                    247888748
^                    247941164
<                    247941180
V                    247940452
>                    247893796
======               =====
Total of 172 nodes expanded.
Action               State
======               =====
                     17527484
^                    361428860
^                    361487828
<                    361488260
<                    361488276
V                    361485364
>                    361444540
>                    361392052
V                    17490676
<                    132281932
<                    153539572
^                    157254556
>                    157248724
>                    156828820
^                    157182628
<                    157182772
<                    157182804
V                    157182076
>                    157135420
>                    156820492
V                    27857476
<                    219176236
^                    247834684
^                    247860892
>                    247860748
V                    247683844
<                    247893796
======               =====
Total of 1537 nodes expanded.
Action               State
======               =====
                     142666588
V                    133113772
>                    18322516
^                    190273204
^                    190627012
<                    190627588
V                    190614484
V                    176285260
>                    23230252
^                    281156284
<                    281313748
<                    281342908
^                    281343636
>                    281343620
>                    281343044
V                    281166140
<                    281428580
V                    262322948
>                    32740436
^                    247678796
<                    247888748
^                    247941164
<                    247941180
V                    247940452
>                    247893796
======               =====
Total of 1229 nodes expanded.
Action               State
======               =====
                     200177156
>                    199862228
V                    27911540
<                    219230300
^                    247888748
^                    247941164
<                    247941180
V                    247940452
>                    247893796
======               =====
Total of 8 nodes expanded.
Action               State
======               =====
                     137093620
V                    136621876
<                    136936804
^                    136982668
<                    136982700
V                    136981244
>                    136940420
V                    132164012
<                    153421652
^                    157136636
>                    157130804
>                    156815876
V                    27852860
<                    219171620
^                    247830068
^                    247856276
>                    247855700
V                    247678796
<                    247888748
^                    247941164
<                    247941180
V                    247940452
>                    247893796
======               =====
Total of 62 nodes expanded.
Action               State
======               =====
                     201028060
^                    204743044
^                    204743772
>                    204743708
>                    204743348
V                    204625412
<                    204782876
^                    204815636
<                    204815700
V                    204814972
V                    201099988
>                    175590820
^                    199472860
^                    199525276
>                    199525132
V                    199348228
V                    27397540
<                    218716300
<                    244225468
^                    247940452
>                    247893796
======               =====
Total of 418 nodes expanded.
Action               State
======               =====
                     185654908
V                    176102092
>                    23047084
^                    152010100
^                    152304940
<                    152305516
V                    152292412
>                    152029972
V                    23066956
<                    176121964
^                    200004004
<                    200038996
^                    200039724
>                    200039708
>                    200039132
V                    199862228
V                    27911540
<                    219230300
^                    247888748
^                    247941164
<                    247941180
V                    247940452
>                    247893796
======               =====
Total of 1247 nodes expanded.
Action               State
======               =====
                     293174652
<                    293174724
<                    293174748
V                    293171836
>                    293125180
^                    293144836
<                    293144868
V                    293139044
V                    292077620
>                    262316924
>                    32734412
^                    247672772
<                    247830236
^                    247856444
>                    247856372
V                    247679468
<                    247889420
<                    247901084
^                    247906908
>                    247906900
V                    247893796
======               =====
Total of 197 nodes expanded.
Action               State
======               =====
                     334456876
<                    334480204
^                    334480932
>                    334480916
V                    334454708
>                    334297244
^                    334592084
<                    334592372
V                    334572716
V                    305914268
>                    38068004
^                    253006364
^                    253242236
<                    253242452
<                    253242468
V                    253241740
V                    248996044
>                    219235348
^                    247893796
======               =====
Total of 261 nodes expanded.
Action               State
======               =====
                     323804332
V                    323686396
V                    22772692
<                    175827700
^                    199709740
>                    199342324
^                    199460260
<                    199460476
<                    199460484
V                    199454660
>                    199413836
>                    199308860
V                    27358172
<                    218676932
<                    244186100
^                    247901084
^                    247906908
>                    247906900
V                    247893796
======               =====
Total of 235 nodes expanded.
Action               State
======               =====
                     256826716
V                    256708780
<                    256866244
<                    256889572
^                    256894668
>                    256894660
>                    256894516
V                    256717612
<                    256927564
V                    218716300
<                    244225468
^                    247940452
>                    247893796
======               =====
Total of 14 nodes expanded.
Action               State
======               =====
                     349437692
>                    345186164
>                    39076148
^                    211026836
<                    211341764
<                    211382588
V                    210851876
>                    176839652
^                    210274508
^                    210307268
<                    210307284
V                    210306556
V                    206060860
>                    176300164
^                    200182204
>                    199867276
V                    27916588
<                    219235348
^                    247893796
======               =====
Total of 119 nodes expanded.
Action               State
======               =====
                     223919860
V                    219143452
<                    248904148
^                    253149844
>                    253144012
^                    253183324
<                    253183356
V                    253182628
V                    248936932
>                    219176236
^                    247834684
^                    247860892
>                    247860748
V                    247683844
<                    247893796
======               =====
Total of 57 nodes expanded.
Action               State
======               =====
                     124799468
>                    90787244
>                    14259740
^                    315173444
<                    315383396
<                    315400892
^                    315404532
>                    315404524
V                    315384868
V                    305832052
>                    37985788
^                    209936476
^                    210290284
<                    210290500
V                    210277396
<                    210306556
V                    206060860
>                    176300164
^                    200182204
>                    199867276
V                    27916588
<                    219235348
^                    247893796
======               =====
Total of 43 nodes expanded.
Action               State
======               =====
                     373153660
>                    347644492
^                    361973716
>                    361921228
^                    362216068
<                    362216212
V                    362209660
V                    347880436
>                    41770420
^                    256708780
<                    256866244
<                    256889572
^                    256894668
>                    256894660
>                    256894516
V                    256717612
<                    256927564
V                    218716300
<                    244225468
^                    247940452
>                    247893796
======               =====
Total of 74 nodes expanded.
Action               State
======               =====
                     199944604
>                    199839628
^                    200016532
<                    200017108
V                    200004004
<                    200038996
^                    200039724
>                    200039708
>                    200039132
V                    199862228
V                    27911540
<                    219230300
^                    247888748
^                    247941164
<                    247941180
V                    247940452
>                    247893796
======               =====
Total of 175 nodes expanded.
Action               State
======               =====
                     38069228
^                    253007588
^                    253066556
<                    253066844
<                    253066860
V                    253064676
V                    248818980
>                    219058284
^                    247716732
^                    247729836
<                    247729860
V                    247724036
>                    247712372
>                    247659884
^                    247895756
<                    247895972
V                    247889420
<                    247901084
^                    247906908
>                    247906900
V                    247893796
======               =====
Total of 338 nodes expanded.
Action               State
======               =====
                     205765652
>                    176004956
^                    199886996
>                    199834508
V                    27883820
<                    219202580
<                    248963276
^                    253208972
>                    253203140
^                    253242452
<                    253242468
V                    253241740
V                    248996044
>                    219235348
^                    247893796
======               =====
Total of 38 nodes expanded.
Action               State
======               =====
                     358024572
>                    358024540
V                    358017988
<                    358047148
V                    354332164
>                    345829108
>                    39719092
^                    297645124
<                    297907564
<                    297948388
V                    296886964
>                    262874740
^                    296309596
<                    296321260
^                    296324172
>                    296324164
V                    296311060
<                    296334388
V                    292088692
>                    262327996
>                    32745484
^                    247683844
<                    247893796
======               =====
Total of 474 nodes expanded.
Action               State
======               =====
                     27299260
^                    156262276
<                    156367252
^                    156419668
>                    156419380
V                    156301444
V                    27338428
<                    218657188
<                    244166356
^                    247881340
>                    247834684
^                    247860892
>                    247860748
V                    247683844
<                    247893796
======               =====
Total of 66 nodes expanded.
Action               State
======               =====
                     36621668
^                    380523044
<                    380575532
V                    347140676
<                    368398316
^                    371582588
>                    371541764
>                    371489276
V                    27587900
<                    218906660
<                    244415828
^                    248130812
>                    248124980
>                    247705076
^                    247940948
<                    247941164
<                    247941180
V                    247940452
>                    247893796
======               =====
Total of 115 nodes expanded.
Action               State
======               =====
                     213936892
<                    213954388
V                    210770116
>                    176757892
>                    23702884
^                    238641244
<                    238798708
V                    219693076
<                    253705300
^                    256889572
^                    256894668
>                    256894660
>                    256894516
V                    256717612
<                    256927564
V                    218716300
<                    244225468
^                    247940452
>                    247893796
======               =====
Total of 177 nodes expanded.
Action               State
======               =====
                     22016636
<                    175071644
<                    196329284
^                    199513556
>                    199472732
^                    199485836
>                    199485764
V                    199308860
V                    27358172
<                    218676932
<                    244186100
^                    247901084
^                    247906908
>                    247906900
V                    247893796
======               =====
Total of 25 nodes expanded.
Action               State
======               =====
                     169889500
V                    131678236
<                    148684348
^                    152399332
>                    152352676
V                    133247044
>                    18455788
^                    276381820
^                    276676660
<                    276676804
V                    276650596
V                    262321372
>                    32738860
^                    247677220
<                    247834684
^                    247860892
>                    247860748
V                    247683844
<                    247893796
======               =====
Total of 163 nodes expanded.
Action               State
======               =====
                     232077060
>                    232076996
>                    232076492
V                    231722684
<                    231827660
^                    231873524
<                    231873588
V                    231872860
>                    231832036
^                    231884452
>                    231884020
V                    231766084
V                    16827724
<                    131618980
<                    148625092
^                    152340076
>                    152293420
>                    152030980
V                    23067964
<                    176122972
^                    200005012
^                    200044324
>                    200044180
V                    199867276
V                    27916588
<                    219235348
^                    247893796
======               =====
Total of 1920 nodes expanded.
Action               State
======               =====
                     296131908
>                    296026932
^                    296321772
<                    296322060
<                    296322084
V                    296321356
V                    292075660
>                    262314964
>                    32732452
^                    247670812
^                    247906684
<                    247906900
V                    247893796
======               =====
Total of 13 nodes expanded.
Action               State
======               =====
                     223699356
>                    223699324
>                    223698820
V                    223227076
<                    223384540
^                    223430404
<                    223430436
V                    223428980
>                    223388156
V                    218611748
<                    244120916
^                    247835900
>                    247830068
^                    247856276
>                    247855700
V                    247678796
<                    247888748
^                    247941164
<                    247941180
V                    247940452
>                    247893796
======               =====
Total of 132 nodes expanded.
Action               State
======               =====
                     320971676
^                    321502388
^                    321506028
>                    321506012
V                    321466700
>                    321046796
V                    20133092
<                    173188100
^                    211399364
<                    211428524
V                    210897812
>                    176885588
^                    200767628
>                    200400212
V                    28449524
<                    219768284
^                    253203140
^                    253242452
<                    253242468
V                    253241740
V                    248996044
>                    219235348
^                    247893796
======               =====
Total of 405 nodes expanded.
Action               State
======               =====
                     253159156
<                    253159588
V                    253146484
<                    253169812
^                    253170540
>                    253170524
>                    253170092
V                    252993188
<                    253203140
^                    253242452
<                    253242468
V                    253241740
V                    248996044
>                    219235348
^                    247893796
======               =====
Total of 73 nodes expanded.
Action               State
======               =====
                     181048556
V                    176272148
<                    206032844
^                    208686404
>                    208680572
>                    208365644
^                    208837388
<                    208837604
<                    208837620
V                    208836892
>                    208801900
V                    175367044
<                    196624684
^                    199808956
>                    199768132
>                    199348228
V                    27397540
<                    218716300
<                    244225468
^                    247940452
>                    247893796
======               =====
Total of 350 nodes expanded.
Action               State
======               =====
                     162699396
^                    166945092
>                    166933428
>                    166880940
V                    37917924
<                    305764188
^                    310540596
>                    310383132
^                    310677972
<                    310678260
V                    310658604
V                    305882196
>                    38035932
^                    252974292
^                    253210164
<                    253210380
V                    253203828
<                    253215492
^                    253219860
>                    253219852
V                    253206748
<                    253241740
V                    248996044
>                    219235348
^                    247893796
======               =====
Total of 741 nodes expanded.
Action               State
======               =====
                     264629964
<                    264630324
V                    264604116
V                    259827708
<                    268330764
^                    272045748
>                    272039916
>                    271620012
^                    271914852
<                    271915140
<                    271915164
V                    271914436
>                    271867780
V                    262314964
>                    32732452
^                    247670812
^                    247906684
<                    247906900
V                    247893796
======               =====
Total of 46 nodes expanded.
Action               State
======               =====
                     252046660
V                    251928724
<                    252086188
V                    218651332
<                    244160500
^                    248406196
^                    248409108
>                    248409100
>                    248408956
V                    248232052
V                    33293692
<                    262876204
^                    296311060
<                    296334388
V                    292088692
>                    262327996
>                    32745484
^                    247683844
<                    247893796
======               =====
Total of 188 nodes expanded.
Action               State
======               =====
                     292261492
>                    262500796
>                    32918284
^                    376819660
<                    377029612
^                    377062372
>                    377062156
V                    376826284
<                    377088724
<                    377100388
V                    373385404
>                    347876236
>                    41766220
^                    256704580
^                    256940452
<                    256940668
V                    256927564
V                    218716300
<                    244225468
^                    247940452
>                    247893796
======               =====
Total of 310 nodes expanded.
Action               State
======               =====
                     307470732
<                    307488228
^                    307492596
>                    307492532
V                    307472876
V                    302696468
>                    34850204
^                    249788564
^                    250024436
<                    250024652
V                    250018100
<                    250053092
V                    248991668
>                    219230972
^                    247889420
<                    247901084
^                    247906908
>                    247906900
V                    247893796
======               =====
Total of 60 nodes expanded.
Action               State
======               =====
                     238558988
V                    219453356
>                    28134596
^                    372035972
<                    372245924
^                    372285236
>                    372285020
V                    372049148
V                    28147772
<                    219466532
^                    248124980
>                    247705076
^                    247940948
<                    247941164
<                    247941180
V                    247940452
>                    247893796
======               =====
Total of 208 nodes expanded.
Action               State
======               =====
                     317035372
V                    302706148
>                    34859884
^                    249798244
<                    249955708
^                    250008124
<                    250008156
V                    250007428
>                    249960772
^                    249986980
>                    249986548
V                    249809644
<                    250019596
^                    250058908
<                    250058916
V                    250053092
V                    248991668
>                    219230972
^                    247889420
<                    247901084
^                    247906908
>                    247906900
V                    247893796
======               =====
Total of 437 nodes expanded.
Action               State
======               =====
                     208449300
V                    175014444
<                    196272084
^                    200517780
^                    200519964
>                    200519956
>                    200519524
V                    200401588
V                    28450900
<                    219769660
^                    253204516
<                    253222012
V                    248976316
>                    219215620
>                    27896860
^                    199847548
<                    200005012
^                    200044324
>                    200044180
V                    199867276
V                    27916588
<                    219235348
^                    247893796
======               =====
Total of 777 nodes expanded.
Action               State
======               =====
                     245231540
<                    245237372
V                    244175948
>                    218666780
^                    223443188
^                    223489052
<                    223489116
V                    223487660
>                    223446836
V                    218670428
<                    244179596
^                    247894580
>                    247888748
^                    247941164
<                    247941180
V                    247940452
>                    247893796
======               =====
Total of 99 nodes expanded.
Action               State
======               =====
                     379301644
V                    378947836
<                    379157788
V                    345722932
<                    354225988
^                    356879548
>                    356838724
V                    347285908
>                    41175892
^                    213126580
^                    213480388
<                    213480604
V                    213467500
V                    175256236
<                    196513876
^                    200228860
>                    200182204
>                    199867276
V                    27916588
<                    219235348
^                    247893796
======               =====
Total of 351 nodes expanded.
Action               State
======               =====
                     256806892
<                    256824388
^                    256825116
>                    256825084
>                    256824580
V                    256706644
<                    256864108
^                    256909972
<                    256910004
V                    256909276
>                    256868452
V                    218657188
<                    244166356
^                    247881340
>                    247834684
^                    247860892
>                    247860748
V                    247683844
<                    247893796
======               =====
Total of 150 nodes expanded.
Action               State
======               =====
                     60412436
V                    46083212
<                    67340852
^                    71055836
>                    71038340
>                    70723412
V                    27735740
<                    219054500
^                    247712948
>                    247660460
^                    247778396
<                    247778684
V                    247772132
<                    247789628
^                    247795452
>                    247795444
V                    247775788
>                    247670812
^                    247906684
<                    247906900
V                    247893796
======               =====
Total of 190 nodes expanded.
Action               State
======               =====
                     155303396
^                    155349260
>                    155349188
V                    155231252
V                    26268236
<                    217586996
<                    234593108
^                    237777380
>                    237736556
V                    218630924
<                    244140092
^                    247855076
^                    247860900
>                    247860892
>                    247860748
V                    247683844
<                    247893796
======               =====
Total of 38 nodes expanded.
Action               State
======               =====
                     247889420
<                    247901084
^                    247906908
>                    247906900
V                    247893796
======               =====
Total of 4 nodes expanded.
Action               State
======               =====
                     272917396
^                    277163092
>                    277122268
^                    277155028
>                    277154884
V                    276919012
<                    277181452
V                    262852228
<                    296864452
^                    300579436
^                    300580164
>                    300580148
V                    300560492
V                    262349228
>                    32766716
^                    247705076
^                    247940948
<                    247941164
<                    247941180
V                    247940452
>                    247893796
======               =====
Total of 425 nodes expanded.
Action               State
======               =====
                     267107084
<                    267107228
V                    267081020
V                    262304612
>                    32722100
^                    247660460
^                    247778396
<                    247778684
V                    247772132
<                    247789628
^                    247795452
>                    247795444
V                    247775788
>                    247670812
^                    247906684
<                    247906900
V                    247893796
======               =====
Total of 47 nodes expanded.
Action               State
======               =====
                     164809644
V                    131374788
<                    148380900
^                    151034460
>                    150993636
>                    150941148
V                    21978132
<                    175033140
<                    196290780
^                    200005764
>                    199999932
^                    200052348
<                    200052396
V                    200051668
>                    200005012
^                    200044324
>                    200044180
V                    199867276
V                    27916588
<                    219235348
^                    247893796
======               =====
Total of 127 nodes expanded.
Action               State
======               =====
                     182072996
^                    185787980
>                    185770484
>                    185508044
V                    13557356
<                    90084860
^                    113966900
^                    114006212
>                    114006140
V                    113770268
V                    27794924
<                    219113684
^                    247772132
<                    247789628
^                    247795452
>                    247795444
V                    247775788
>                    247670812
^                    247906684
<                    247906900
V                    247893796
======               =====
Total of 348 nodes expanded.
Action               State
======               =====
                     33142996
^                    162106012
<                    162210988
^                    162256852
>                    162256492
V                    162138556
V                    33175540
<                    262758052
^                    296192908
^                    296225668
>                    296225524
V                    296048620
<                    296311060
<                    296334388
V                    292088692
>                    262327996
>                    32745484
^                    247683844
<                    247893796
======               =====
Total of 117 nodes expanded.
Action               State
======               =====
                     106160700
V                    105806892
V                    19831548
<                    172886556
^                    206321412
<                    206350572
V                    205819860
>                    176059164
^                    199941204
^                    199993620
<                    199993644
V                    199992916
>                    199946260
>                    199841284
^                    200195092
<                    200195308
V                    200182204
>                    199867276
V                    27916588
<                    219235348
^                    247893796
======               =====
Total of 33 nodes expanded.
Action               State
======               =====
                     228072068
<                    228072356
V                    228052700
>                    228000212
^                    228236084
<                    228236300
V                    228229748
V                    218676932
<                    244186100
^                    247901084
^                    247906908
>                    247906900
V                    247893796
======               =====
Total of 22 nodes expanded.
Action               State
======               =====
                     271631668
>                    271579180
^                    271874020
<                    271874236
V                    271867684
V                    262314868
<                    292075564
^                    296321260
^                    296324172
>                    296324164
V                    296311060
<                    296334388
V                    292088692
>                    262327996
>                    32745484
^                    247683844
<                    247893796
======               =====
Total of 85 nodes expanded.
Action               State
======               =====
                     115234604
>                    89725436
^                    108831068
>                    108463652
V                    22488308
<                    175543316
^                    208978172
^                    208997828
>                    208997756
V                    208879820
<                    209037284
<                    209066444
V                    205882172
>                    176121476
^                    200003516
<                    200038508
^                    200044332
>                    200044324
>                    200044180
V                    199867276
V                    27916588
<                    219235348
^                    247893796
======               =====
Total of 299 nodes expanded.
Action               State
======               =====
                     256864484
^                    256890692
>                    256890188
V                    256713284
<                    256923236
^                    256969100
<                    256969116
V                    256968388
>                    256927564
V                    218716300
<                    244225468
^                    247940452
>                    247893796
======               =====
Total of 18 nodes expanded.
Action               State
======               =====
                     251200540
>                    250885612
V                    35947252
<                    303793516
<                    320799628
^                    325045324
>                    325010332
V                    305904700
>                    38058436
^                    252996796
<                    253206748
<                    253241740
V                    248996044
>                    219235348
^                    247893796
======               =====
Total of 68 nodes expanded.
Action               State
======               =====
                     148619180
^                    152864876
>                    152824052
>                    152561612
V                    23598596
<                    176653604
^                    200535644
<                    200576468
^                    200577924
>                    200577876
>                    200577804
V                    200400900
V                    28450212
<                    219768972
^                    253203828
<                    253215492
^                    253219860
>                    253219852
V                    253206748
<                    253241740
V                    248996044
>                    219235348
^                    247893796
======               =====
Total of 824 nodes expanded.
Action               State
======               =====
                     109297540
<                    109297756
<                    109297764
V                    109293396
>                    109246740
V                    90141108
>                    13613604
^                    228551964
<                    228761916
V                    219209100
<                    248969796
^                    253215492
^                    253219860
>                    253219852
V                    253206748
<                    253241740
V                    248996044
>                    219235348
^                    247893796
======               =====
Total of 254 nodes expanded.
Action               State
======               =====
                     253108108
V                    252990172
<                    253147636
<                    253182628
V                    248936932
>                    219176236
^                    247834684
^                    247860892
>                    247860748
V                    247683844
<                    247893796
======               =====
Total of 10 nodes expanded.
Action               State
======               =====
                     281442060
>                    281442036
>                    281441460
V                    281146620
<                    281251596
^                    281304012
<                    281304036
V                    281303308
>                    281256652
>                    281151676
^                    281446516
<                    281446732
V                    281433628
V                    262327996
>                    32745484
^                    247683844
<                    247893796
======               =====
Total of 142 nodes expanded.
Action               State
======               =====
                     110505076
^                    113689348
^                    113694444
>                    113694436
V                    113674780
>                    113254876
V                    27279532
<                    218598292
<                    244107460
^                    247822444
>                    247775788
>                    247670812
^                    247906684
<                    247906900
V                    247893796
======               =====
Total of 14 nodes expanded.
Action               State
======               =====
                     246240340
<                    246286996
^                    246292092
>                    246292084
>                    246291940
V                    246115036
V                    31176676
<                    260759188
<                    277765300
^                    281480284
>                    281433628
V                    262327996
>                    32745484
^                    247683844
<                    247893796
======               =====
Total of 53 nodes expanded.
Action               State
======               =====
                     225086300
^                    228270572
>                    228229748
V                    218676932
<                    244186100
^                    247901084
^                    247906908
>                    247906900
V                    247893796
======               =====
Total of 8 nodes expanded.
Action               State
======               =====
                     271747268
^                    271773476
>                    271773404
V                    271596500
<                    271806452
<                    271835612
^                    271841436
>                    271841428
>                    271841212
V                    271605340
<                    271867780
V                    262314964
>                    32732452
^                    247670812
^                    247906684
<                    247906900
V                    247893796
======               =====
Total of 63 nodes expanded.
Action               State
======               =====
                     156364828
<                    156388156
^                    156393252
>                    156393188
>                    156393116
V                    156275180
V                    27312164
<                    218630924
<                    244140092
^                    247855076
^                    247860900
>                    247860892
>                    247860748
V                    247683844
<                    247893796
======               =====
Total of 18 nodes expanded.
Action               State
======               =====
                     256041100
>                    255673684
V                    40735324
<                    346845340
<                    363851452
^                    367035724
>                    366994900
V                    347889268
>                    41779252
^                    256717612
<                    256927564
V                    218716300
<                    244225468
^                    247940452
>                    247893796
======               =====
Total of 60 nodes expanded.
Action               State
======               =====
                     373723700
<                    373741196
V                    373210484
>                    347701316
^                    362030540
^                    362076404
<                    362076444
V                    362075716
>                    362034892
^                    362067652
>                    362067364
V                    361949428
V                    18048052
<                    132839308
^                    156721348
>                    156301444
V                    27338428
<                    218657188
<                    244166356
^                    247881340
>                    247834684
^                    247860892
>                    247860748
V                    247683844
<                    247893796
======               =====
Total of 602 nodes expanded.
Action               State
======               =====
                     70886564
V                    70709660
<                    70919612
^                    70958924
>                    70958708
V                    70722836
V                    27735164
<                    219053924
^                    247712372
>                    247659884
^                    247895756
<                    247895972
V                    247889420
<                    247901084
^                    247906908
>                    247906900
V                    247893796
======               =====
Total of 56 nodes expanded.
Action               State
======               =====
                     40767316
^                    298693348
<                    298850812
<                    298879972
^                    298885068
>                    298885060
>                    298884916
V                    298708012
<                    298970452
V                    260759188
<                    277765300
^                    281480284
>                    281433628
V                    262327996
>                    32745484
^                    247683844
<                    247893796
======               =====
Total of 36 nodes expanded.
Action               State
======               =====
                     238205996
<                    238223492
^                    238229316
>                    238229268
>                    238229196
V                    238111260
<                    238268724
V                    219163092
<                    248923788
^                    253169484
^                    253173852
>                    253173844
>                    253173700
V                    252996796
<                    253206748
<                    253241740
V                    248996044
>                    219235348
^                    247893796
======               =====
Total of 198 nodes expanded.
Action               State
======               =====
                     33032068
<                    262614580
<                    296626804
^                    299280364
^                    299285460
>                    299285444
V                    299265788
>                    299213300
V                    41287268
<                    347397284
<                    368654924
^                    372369908
>                    372364076
>                    372049148
V                    28147772
<                    219466532
^                    248124980
>                    247705076
^                    247940948
<                    247941164
<                    247941180
V                    247940452
>                    247893796
======               =====
Total of 647 nodes expanded.
Action               State
======               =====
                     278795268
>                    278795204
V                    278775548
V                    259669916
<                    268172972
^                    271887956
>                    271864628
V                    262311812
>                    32729300
^                    247667660
<                    247772636
^                    247792292
>                    247792220
V                    247674284
<                    247831748
<                    247855076
^                    247860900
>                    247860892
>                    247860748
V                    247683844
<                    247893796
======               =====
Total of 204 nodes expanded.
Action               State
======               =====
                     362237932
<                    362238076
V                    362211868
V                    347882644
>                    41772628
^                    256710988
<                    256868452
V                    218657188
<                    244166356
^                    247881340
>                    247834684
^                    247860892
>                    247860748
V                    247683844
<                    247893796
======               =====
Total of 42 nodes expanded.
Action               State
======               =====
                     271914852
<                    271915140
<                    271915164
V                    271914436
>                    271867780
V                    262314964
>                    32732452
^                    247670812
^                    247906684
<                    247906900
V                    247893796
======               =====
Total of 10 nodes expanded.
Action               State
======               =====
                     373877156
V                    373641284
<                    373903724
<                    373944548
V                    373413836
>                    347904668
>                    41794652
^                    256733012
^                    256968884
<                    256969100
<                    256969116
V                    256968388
>                    256927564
V                    218716300
<                    244225468
^                    247940452
>                    247893796
======               =====
Total of 83 nodes expanded.
Action               State
======               =====
                     249759396
V                    249757940
V                    249227228
>                    219466532
^                    248124980
>                    247705076
^                    247940948
<                    247941164
<                    247941180
V                    247940452
>                    247893796
======               =====
Total of 10 nodes expanded.
Action               State
======               =====
                     296978980
^                    298040404
>                    298022908
^                    298029460
<                    298029492
V                    298027308
>                    298021476
>                    297654060
^                    297948900
<                    297949188
<                    297949212
V                    297948484
V                    296887060
>                    262874836
^                    296309692
<                    296321356
V                    292075660
>                    262314964
>                    32732452
^                    247670812
^                    247906684
<                    247906900
V                    247893796
======               =====
Total of 399 nodes expanded.
Action               State
======               =====
                     223385956
<                    223409284
^                    223414380
>                    223414364
>                    223413788
V                    223236884
<                    223446836
V                    218670428
<                    244179596
^                    247894580
>                    247888748
^                    247941164
<                    247941180
V                    247940452
>                    247893796
======               =====
Total of 16 nodes expanded.
Action               State
======               =====
                     161679500
<                    161702828
^                    161708652
>                    161708644
>                    161708284
V                    161590348
V                    32627332
<                    262209844
^                    281315476
^                    281348236
>                    281348092
V                    281171188
<                    281433628
V                    262327996
>                    32745484
^                    247683844
<                    247893796
======               =====
Total of 122 nodes expanded.
Action               State
======               =====
                     244221820
>                    218712652
^                    256923916
<                    256935580
^                    256940676
>                    256940668
V                    256927564
V                    218716300
<                    244225468
^                    247940452
>                    247893796
======               =====
Total of 16 nodes expanded.
Action               State
======               =====
                     296316972
V                    296314788
>                    296308956
^                    296322060
<                    296322084
V                    296321356
V                    292075660
>                    262314964
>                    32732452
^                    247670812
^                    247906684
<                    247906900
V                    247893796
======               =====
Total of 23 nodes expanded.
Action               State
======               =====
                     115672684
V                    115377844
V                    29402500
<                    258985012
^                    297196276
^                    297242140
<                    297242172
V                    297239988
V                    296709276
>                    262697052
^                    296131908
>                    296026932
^                    296321772
<                    296322060
<                    296322084
V                    296321356
V                    292075660
>                    262314964
>                    32732452
^                    247670812
^                    247906684
<                    247906900
V                    247893796
======               =====
Total of 150 nodes expanded.
Action               State
======               =====
                     268679172
^                    268725036
<                    268725060
V                    268719236
>                    268678412
V                    259125596
<                    263377124
^                    267092108
>                    267080444
V                    262304036
>                    32721524
^                    247659884
^                    247895756
<                    247895972
V                    247889420
<                    247901084
^                    247906908
>                    247906900
V                    247893796
======               =====
Total of 173 nodes expanded.
Action               State
======               =====
                     62567836
>                    45561724
>                    7297972
^                    265224004
<                    265486444
V                    260710036
>                    31127524
^                    246065884
^                    246537628
<                    246537844
V                    246531292
<                    246542956
^                    246548052
>                    246548044
V                    246534940
>                    246115036
V                    31176676
<                    260759188
<                    277765300
^                    281480284
>                    281433628
V                    262327996
>                    32745484
^                    247683844
<                    247893796
======               =====
Total of 353 nodes expanded.
Action               State
======               =====
                     228276172
<                    228276388
<                    228276396
V                    228270572
>                    228229748
V                    218676932
<                    244186100
^                    247901084
^                    247906908
>                    247906900
V                    247893796
======               =====
Total of 14 nodes expanded.
Action               State
======               =====
                     7312868
<                    45576620
^                    79011476
<                    79040636
V                    76917788
>                    47157092
>                    8893340
^                    266819372
<                    267081812
V                    262305404
>                    32722892
^                    247661252
^                    247838156
<                    247838300
V                    247831748
<                    247855076
^                    247860900
>                    247860892
>                    247860748
V                    247683844
<                    247893796
======               =====
Total of 255 nodes expanded.
Action               State
======               =====
                     210815444
^                    213469004
>                    213463172
^                    213509036
<                    213509052
V                    213508324
>                    213467500
V                    175256236
<                    196513876
^                    200228860
>                    200182204
>                    199867276
V                    27916588
<                    219235348
^                    247893796
======               =====
Total of 19 nodes expanded.
Action               State
======               =====
                     206343252
V                    206337428
>                    206319932
^                    206352692
<                    206352756
V                    206350572
V                    205819860
>                    176059164
^                    199941204
^                    199993620
<                    199993644
V                    199992916
>                    199946260
>                    199841284
^                    200195092
<                    200195308
V                    200182204
>                    199867276
V                    27916588
<                    219235348
^                    247893796
======               =====
Total of 247 nodes expanded.
Action               State
======               =====
                     114442444
^                    114481756
<                    114481764
V                    114476668
>                    114441676
>                    114284212
V                    28308868
<                    219627628
<                    253639852
^                    256824124
^                    256829220
>                    256829212
V                    256809556
V                    218598292
<                    244107460
^                    247822444
>                    247775788
>                    247670812
^                    247906684
<                    247906900
V                    247893796
======               =====
Total of 647 nodes expanded.
Action               State
======               =====
                     113261484
>                    113208996
V                    27233652
<                    218552412
<                    244061580
^                    247776564
>                    247770732
^                    247823148
<                    247823172
V                    247822444
>                    247775788
>                    247670812
^                    247906684
<                    247906900
V                    247893796
======               =====
Total of 17 nodes expanded.
Action               State
======               =====
                     161682124
^                    161714884
>                    161714812
V                    161596876
V                    32633860
<                    262216372
<                    291977068
^                    296222764
^                    296225676
>                    296225668
>                    296225524
V                    296048620
<                    296311060
<                    296334388
V                    292088692
>                    262327996
>                    32745484
^                    247683844
<                    247893796
======               =====
Total of 149 nodes expanded.
Action               State
======               =====
                     205879052
>                    176118356
^                    200000396
^                    200039708
>                    200039132
V                    199862228
V                    27911540
<                    219230300
^                    247888748
^                    247941164
<                    247941180
V                    247940452
>                    247893796
======               =====
Total of 12 nodes expanded.
Action               State
======               =====
                     368392476
^                    372107460
>                    372072468
>                    372019980
^                    372255852
<                    372255996
V                    372249444
<                    372284436
^                    372286620
>                    372286612
>                    372286468
V                    372050596
V                    28149220
<                    219467980
^                    248126428
<                    248143924
^                    248144652
>                    248144636
V                    248124980
>                    247705076
^                    247940948
<                    247941164
<                    247941180
V                    247940452
>                    247893796
======               =====
Total of 1368 nodes expanded.
Action               State
======               =====
                     293172484
<                    293172700
<                    293172732
V                    293172004
>                    293125348
^                    293151556
<                    293151564
V                    293145740
V                    292084316
>                    262323620
>                    32741108
^                    247679468
<                    247889420
<                    247901084
^                    247906908
>                    247906900
V                    247893796
======               =====
Total of 41 nodes expanded.
;; Dribble of #<IO TERMINAL-STREAM> finished on 2015-10-21 22:57:31.
