;; Dribble of #<IO TERMINAL-STREAM> started on 2015-10-21 22:55:14.
Action               State
======               =====
                     68206580
>                    68049116
^                    68461892
<                    68462180
V                    68442524
>                    68075108
V                    25087436
<                    216406196
<                    224909252
^                    228093524
>                    228052700
>                    228000212
^                    228236084
<                    228236300
V                    228229748
V                    218676932
<                    244186100
^                    247901084
^                    247906908
>                    247906900
V                    247893796
======               =====
Total of 82 nodes expanded.
Action               State
======               =====
                     123913292
<                    123913724
V                    123887516
>                    123835028
^                    124188836
<                    124189124
<                    124189164
V                    124186980
>                    124181148
^                    124213908
<                    124213932
V                    124213204
V                    119967508
>                    90206812
>                    13679308
^                    271605340
<                    271867780
V                    262314964
>                    32732452
^                    247670812
^                    247906684
<                    247906900
V                    247893796
======               =====
Total of 160 nodes expanded.
Action               State
======               =====
                     263347572
>                    259096044
^                    292530900
^                    292563660
>                    292563084
V                    292327212
<                    292589652
^                    292642068
<                    292642092
V                    292640636
V                    292109924
>                    262349228
>                    32766716
^                    247705076
^                    247940948
<                    247941164
<                    247941180
V                    247940452
>                    247893796
======               =====
Total of 66 nodes expanded.
Action               State
======               =====
                     153709324
V                    129827284
>                    15036028
^                    101011372
<                    101273812
V                    86944588
<                    91196116
^                    94380388
^                    94385484
>                    94385420
V                    94365764
V                    89589356
>                    13061852
^                    228000212
^                    228236084
<                    228236300
V                    228229748
V                    218676932
<                    244186100
^                    247901084
^                    247906908
>                    247906900
V                    247893796
======               =====
Total of 625 nodes expanded.
Action               State
======               =====
                     233448372
>                    233448324
>                    233447748
V                    233329812
<                    233539764
V                    219210540
>                    27891780
^                    199842468
<                    199999932
^                    200052348
<                    200052396
V                    200051668
>                    200005012
^                    200044324
>                    200044180
V                    199867276
V                    27916588
<                    219235348
^                    247893796
======               =====
Total of 87 nodes expanded.
Action               State
======               =====
                     324889188
^                    324921948
>                    324921876
V                    324744972
<                    325007412
V                    305901780
>                    38055516
^                    252993876
<                    253203828
<                    253215492
^                    253219860
>                    253219852
V                    253206748
<                    253241740
V                    248996044
>                    219235348
^                    247893796
======               =====
Total of 23 nodes expanded.
Action               State
======               =====
                     80027748
>                    80027684
V                    80014580
<                    80037908
V                    76853636
>                    47092940
>                    8829188
^                    223767548
<                    223977500
<                    224012492
^                    224018316
>                    224018300
V                    223978988
V                    219202580
<                    248963276
^                    253208972
>                    253203140
^                    253242452
<                    253242468
V                    253241740
V                    248996044
>                    219235348
^                    247893796
======               =====
Total of 460 nodes expanded.
Action               State
======               =====
                     41768404
^                    256706764
^                    256942636
<                    256942780
<                    256942836
V                    256942108
V                    253757836
>                    219745612
>                    28426852
^                    200377540
<                    200535004
^                    200580868
>                    200580724
V                    200403820
V                    28453132
<                    219771892
^                    253206748
<                    253241740
V                    248996044
>                    219235348
^                    247893796
======               =====
Total of 587 nodes expanded.
Action               State
======               =====
                     17865020
^                    232803380
<                    233013332
^                    233059196
<                    233059212
V                    233053388
>                    233012564
^                    233025668
>                    233025596
V                    232789724
<                    232894700
V                    218565476
<                    244074644
^                    247789628
^                    247795452
>                    247795444
V                    247775788
>                    247670812
^                    247906684
<                    247906900
V                    247893796
======               =====
Total of 316 nodes expanded.
Action               State
======               =====
                     373319708
^                    377034692
>                    377028860
>                    376818908
V                    32917532
<                    262500044
^                    281605676
>                    281185772
^                    281362676
<                    281362820
<                    281362860
V                    281362132
>                    281315476
^                    281348236
>                    281348092
V                    281171188
<                    281433628
V                    262327996
>                    32745484
^                    247683844
<                    247893796
======               =====
Total of 299 nodes expanded.
Action               State
======               =====
                     244366300
^                    245427724
^                    245428452
>                    245428388
V                    245408732
>                    245041316
V                    30102956
<                    259685468
^                    293120324
<                    293126156
V                    292064732
>                    262304036
>                    32721524
^                    247659884
^                    247895756
<                    247895972
V                    247889420
<                    247901084
^                    247906908
>                    247906900
V                    247893796
======               =====
Total of 514 nodes expanded.
Action               State
======               =====
                     17967092
^                    318880796
<                    318985772
<                    319009100
^                    319012740
>                    319012676
>                    319012604
V                    318894668
<                    319104620
V                    304775396
>                    36929132
^                    208879820
<                    209037284
<                    209066444
V                    205882172
>                    176121476
^                    200003516
<                    200038508
^                    200044332
>                    200044324
>                    200044180
V                    199867276
V                    27916588
<                    219235348
^                    247893796
======               =====
Total of 705 nodes expanded.
Action               State
======               =====
                     256970332
V                    256734460
<                    257101876
<                    257119372
^                    257120100
>                    257120084
V                    257100428
>                    256733012
^                    256968884
<                    256969100
<                    256969116
V                    256968388
>                    256927564
V                    218716300
<                    244225468
^                    247940452
>                    247893796
======               =====
Total of 114 nodes expanded.
Action               State
======               =====
                     381188556
V                    381187828
>                    381164500
^                    381197260
>                    381197044
V                    381079108
<                    381341548
<                    381364876
^                    381365604
>                    381365580
V                    381339372
V                    347904516
>                    41794500
^                    256732860
^                    256850796
<                    256851084
<                    256851108
V                    256850380
>                    256809556
V                    218598292
<                    244107460
^                    247822444
>                    247775788
>                    247670812
^                    247906684
<                    247906900
V                    247893796
======               =====
Total of 2544 nodes expanded.
Action               State
======               =====
                     157473612
>                    157473564
>                    157473492
V                    157355556
V                    28392540
<                    219711300
^                    253146156
<                    253169484
^                    253173852
>                    253173844
>                    253173700
V                    252996796
<                    253206748
<                    253241740
V                    248996044
>                    219235348
^                    247893796
======               =====
Total of 20 nodes expanded.
Action               State
======               =====
                     34863364
^                    249801724
^                    250037596
<                    250038172
V                    250018516
V                    216583660
<                    225086716
^                    228270988
>                    228230164
V                    218677348
>                    27358588
^                    199309276
^                    199781020
<                    199781236
V                    199768132
>                    199348228
V                    27397540
<                    218716300
<                    244225468
^                    247940452
>                    247893796
======               =====
Total of 379 nodes expanded.
Action               State
======               =====
                     235650132
V                    235645036
>                    235610044
V                    216504412
<                    225007468
^                    228191740
^                    228196836
>                    228196772
>                    228196700
V                    228019796
<                    228229748
V                    218676932
<                    244186100
^                    247901084
^                    247906908
>                    247906900
V                    247893796
======               =====
Total of 56 nodes expanded.
Action               State
======               =====
                     223977500
<                    224012492
^                    224018316
>                    224018300
V                    223978988
V                    219202580
<                    248963276
^                    253208972
>                    253203140
^                    253242452
<                    253242468
V                    253241740
V                    248996044
>                    219235348
^                    247893796
======               =====
Total of 97 nodes expanded.
Action               State
======               =====
                     229876516
^                    233591500
>                    233544844
V                    219215620
>                    27896860
^                    199847548
<                    200005012
^                    200044324
>                    200044180
V                    199867276
V                    27916588
<                    219235348
^                    247893796
======               =====
Total of 34 nodes expanded.
Action               State
======               =====
                     103084988
V                    102613244
V                    16637900
<                    131429156
<                    148435268
^                    152150252
^                    152153892
>                    152153884
>                    152153308
V                    152035372
V                    23072356
<                    176127364
^                    204785812
<                    204814972
V                    201099988
>                    175590820
^                    199472860
^                    199525276
>                    199525132
V                    199348228
V                    27397540
<                    218716300
<                    244225468
^                    247940452
>                    247893796
======               =====
Total of 445 nodes expanded.
Action               State
======               =====
                     271653884
V                    271594916
<                    271804868
^                    271837628
>                    271837556
V                    271601684
<                    271864124
<                    271881620
^                    271887444
>                    271887436
V                    271867780
V                    262314964
>                    32732452
^                    247670812
^                    247906684
<                    247906900
V                    247893796
======               =====
Total of 46 nodes expanded.
Action               State
======               =====
                     200476756
^                    200516068
<                    200516076
V                    200510980
>                    200475988
>                    200371012
V                    28420324
<                    219739084
<                    253751308
^                    256935580
^                    256940676
>                    256940668
V                    256927564
V                    218716300
<                    244225468
^                    247940452
>                    247893796
======               =====
Total of 167 nodes expanded.
Action               State
======               =====
                     298408356
V                    298407628
V                    296815492
>                    262803268
^                    286685308
^                    286731172
>                    286731028
V                    286495156
V                    28569124
<                    219887884
^                    253322740
<                    253340236
^                    253340964
>                    253340948
V                    253321292
>                    253006364
^                    253242236
<                    253242452
<                    253242468
V                    253241740
V                    248996044
>                    219235348
^                    247893796
======               =====
Total of 909 nodes expanded.
Action               State
======               =====
                     296322084
V                    296321356
V                    292075660
>                    262314964
>                    32732452
^                    247670812
^                    247906684
<                    247906900
V                    247893796
======               =====
Total of 8 nodes expanded.
Action               State
======               =====
                     297669964
>                    297617476
V                    39691444
<                    345801460
^                    350577868
<                    350607028
V                    349545604
>                    345294076
>                    39184060
^                    297110092
<                    297372532
^                    297418396
<                    297418428
V                    297416972
V                    296886260
>                    262874036
^                    296308892
^                    296335100
<                    296335116
V                    296334388
V                    292088692
>                    262327996
>                    32745484
^                    247683844
<                    247893796
======               =====
Total of 1168 nodes expanded.
Action               State
======               =====
                     8653692
^                    94629036
<                    94838988
V                    90062580
<                    119823276
^                    124068972
>                    124063140
^                    124102452
>                    124102092
V                    123866220
<                    124181148
^                    124213908
<                    124213932
V                    124213204
V                    119967508
>                    90206812
>                    13679308
^                    271605340
<                    271867780
V                    262314964
>                    32732452
^                    247670812
^                    247906684
<                    247906900
V                    247893796
======               =====
Total of 1071 nodes expanded.
Action               State
======               =====
                     225742908
<                    225743196
V                    225690780
<                    225731604
V                    225200892
>                    216697836
^                    250132692
^                    250185108
<                    250185132
V                    250184404
>                    250137748
>                    249822820
^                    250058692
<                    250058908
<                    250058916
V                    250053092
V                    248991668
>                    219230972
^                    247889420
<                    247901084
^                    247906908
>                    247906900
V                    247893796
======               =====
Total of 364 nodes expanded.
Action               State
======               =====
                     371541676
>                    371489188
V                    27587812
<                    218906572
<                    244415740
^                    248130724
>                    248124892
>                    247704988
^                    247881892
<                    247882036
<                    247882068
V                    247881340
>                    247834684
^                    247860892
>                    247860748
V                    247683844
<                    247893796
======               =====
Total of 53 nodes expanded.
Action               State
======               =====
                     229859044
>                    217104460
^                    245762908
<                    245768740
^                    245773836
>                    245773772
V                    245767220
V                    217108772
<                    229863356
^                    233578340
^                    233584164
>                    233584156
V                    233544844
V                    219215620
>                    27896860
^                    199847548
<                    200005012
^                    200044324
>                    200044180
V                    199867276
V                    27916588
<                    219235348
^                    247893796
======               =====
Total of 628 nodes expanded.
Action               State
======               =====
                     27587900
<                    218906660
<                    244415828
^                    248130812
>                    248124980
>                    247705076
^                    247940948
<                    247941164
<                    247941180
V                    247940452
>                    247893796
======               =====
Total of 10 nodes expanded.
Action               State
======               =====
                     291991684
>                    262230988
^                    300442252
^                    300475012
>                    300474868
V                    300297964
<                    300560404
V                    262349140
>                    32766628
^                    247704988
^                    247881892
<                    247882036
<                    247882068
V                    247881340
>                    247834684
^                    247860892
>                    247860748
V                    247683844
<                    247893796
======               =====
Total of 159 nodes expanded.
Action               State
======               =====
                     60511412
V                    60098636
V                    17110964
<                    131902220
<                    153159860
^                    157405556
>                    157370564
>                    157318076
V                    28355060
<                    219673820
<                    253686044
^                    256870316
>                    256864484
^                    256890692
>                    256890188
V                    256713284
<                    256923236
^                    256969100
<                    256969116
V                    256968388
>                    256927564
V                    218716300
<                    244225468
^                    247940452
>                    247893796
======               =====
Total of 618 nodes expanded.
Action               State
======               =====
                     325072812
<                    325073172
<                    325073196
V                    325071740
>                    325065908
V                    305960276
>                    38114012
^                    296040044
^                    296334884
<                    296335100
<                    296335116
V                    296334388
V                    292088692
>                    262327996
>                    32745484
^                    247683844
<                    247893796
======               =====
Total of 35 nodes expanded.
Action               State
======               =====
                     298776308
<                    298776524
V                    298730660
<                    298742324
^                    298745964
>                    298745908
V                    298732804
>                    298680316
^                    298857220
<                    298857364
V                    298850812
<                    298879972
^                    298885068
>                    298885060
>                    298884916
V                    298708012
<                    298970452
V                    260759188
<                    277765300
^                    281480284
>                    281433628
V                    262327996
>                    32745484
^                    247683844
<                    247893796
======               =====
Total of 715 nodes expanded.
Action               State
======               =====
                     254836564
<                    254836780
<                    254836836
V                    254836108
>                    254801116
V                    216589852
<                    225092908
^                    228277180
>                    228230524
^                    228276388
<                    228276396
V                    228270572
>                    228229748
V                    218676932
<                    244186100
^                    247901084
^                    247906908
>                    247906900
V                    247893796
======               =====
Total of 205 nodes expanded.
Action               State
======               =====
                     34186812
^                    120162156
^                    120398028
<                    120398244
V                    120345828
<                    120374988
V                    119844276
>                    90083580
^                    113965620
^                    114018036
<                    114018084
V                    114017356
>                    113970700
^                    114010012
>                    114009796
V                    113773924
V                    27798580
<                    219117340
^                    247775788
>                    247670812
^                    247906684
<                    247906900
V                    247893796
======               =====
Total of 293 nodes expanded.
Action               State
======               =====
                     363936772
^                    367121044
>                    367109380
V                    348003748
>                    41893732
^                    342807436
<                    343017388
^                    343050148
>                    343049932
V                    342814060
<                    343076500
<                    343088164
V                    339903892
>                    305891668
>                    38045404
^                    252983764
^                    253219636
<                    253219852
V                    253206748
<                    253241740
V                    248996044
>                    219235348
^                    247893796
======               =====
Total of 497 nodes expanded.
Action               State
======               =====
                     40781980
^                    298708012
<                    298970452
V                    260759188
<                    277765300
^                    281480284
>                    281433628
V                    262327996
>                    32745484
^                    247683844
<                    247893796
======               =====
Total of 12 nodes expanded.
Action               State
======               =====
                     220309860
^                    223494132
^                    223496316
>                    223496260
>                    223496116
V                    223260244
<                    223680148
<                    223697644
^                    223702740
>                    223702724
V                    223683068
V                    218906660
<                    244415828
^                    248130812
>                    248124980
>                    247705076
^                    247940948
<                    247941164
<                    247941180
V                    247940452
>                    247893796
======               =====
Total of 267 nodes expanded.
Action               State
======               =====
                     151099236
V                    151093412
>                    151052588
^                    151091900
>                    151091828
V                    150973892
V                    22010876
<                    175065884
<                    196323524
^                    200038508
^                    200044332
>                    200044324
>                    200044180
V                    199867276
V                    27916588
<                    219235348
^                    247893796
======               =====
Total of 20 nodes expanded.
Action               State
======               =====
                     94248508
^                    94294372
<                    94294404
V                    94288580
>                    94247756
>                    94090292
^                    94385132
<                    94385420
V                    94365764
V                    89589356
>                    13061852
^                    228000212
^                    228236084
<                    228236300
V                    228229748
V                    218676932
<                    244186100
^                    247901084
^                    247906908
>                    247906900
V                    247893796
======               =====
Total of 152 nodes expanded.
Action               State
======               =====
                     13672684
^                    271598716
<                    271808668
^                    271841428
>                    271841212
V                    271605340
<                    271867780
V                    262314964
>                    32732452
^                    247670812
^                    247906684
<                    247906900
V                    247893796
======               =====
Total of 22 nodes expanded.
Action               State
======               =====
                     73040436
>                    73040380
V                    72987964
>                    72830500
V                    29842828
<                    259425340
<                    267928396
^                    270051244
^                    270056340
>                    270056276
V                    270036620
>                    269984132
^                    270278972
<                    270279188
V                    270272636
V                    260719820
<                    277725932
^                    281440916
^                    281446740
>                    281446732
V                    281433628
V                    262327996
>                    32745484
^                    247683844
<                    247893796
======               =====
Total of 633 nodes expanded.
Action               State
======               =====
                     30600164
<                    260182676
<                    272937260
^                    277182956
>                    277177124
V                    262847900
>                    33265388
^                    248203748
<                    248361212
^                    248407076
>                    248406788
V                    248229884
V                    33291524
<                    262874036
^                    296308892
^                    296335100
<                    296335116
V                    296334388
V                    292088692
>                    262327996
>                    32745484
^                    247683844
<                    247893796
======               =====
Total of 507 nodes expanded.
Action               State
======               =====
                     374431044
<                    374436876
V                    373375452
>                    347866284
>                    41756268
^                    256694628
^                    257107404
<                    257107692
<                    257107716
V                    257106260
>                    257100428
>                    256733012
^                    256968884
<                    256969100
<                    256969116
V                    256968388
>                    256927564
V                    218716300
<                    244225468
^                    247940452
>                    247893796
======               =====
Total of 162 nodes expanded.
Action               State
======               =====
                     203686092
>                    203686084
>                    203685580
V                    203567644
<                    203725108
V                    175066660
<                    196324300
^                    200569996
>                    200535004
^                    200580868
>                    200580724
V                    200403820
V                    28453132
<                    219771892
^                    253206748
<                    253241740
V                    248996044
>                    219235348
^                    247893796
======               =====
Total of 89 nodes expanded.
Action               State
======               =====
                     81594996
>                    47582772
^                    81017628
<                    81035124
V                    76789428
>                    47028732
>                    8764980
^                    180715668
<                    180873132
V                    176096724
<                    205857420
^                    210103116
>                    210097284
^                    210130044
<                    210130092
V                    210129364
V                    205883668
>                    176122972
^                    200005012
^                    200044324
>                    200044180
V                    199867276
V                    27916588
<                    219235348
^                    247893796
======               =====
Total of 610 nodes expanded.
Action               State
======               =====
                     224552196
V                    224550740
>                    224509916
V                    219733508
<                    253745732
^                    257460716
>                    257454884
V                    219243620
>                    27924860
^                    199875548
^                    200229356
<                    200229572
<                    200229588
V                    200228860
>                    200182204
>                    199867276
V                    27916588
<                    219235348
^                    247893796
======               =====
Total of 202 nodes expanded.
Action               State
======               =====
                     246181060
>                    246076084
^                    246547828
<                    246548044
V                    246534940
>                    246115036
V                    31176676
<                    260759188
<                    277765300
^                    281480284
>                    281433628
V                    262327996
>                    32745484
^                    247683844
<                    247893796
======               =====
Total of 69 nodes expanded.
Action               State
======               =====
                     103380236
V                    103144364
<                    103459292
V                    89130068
<                    110387708
^                    114102692
^                    114108516
>                    114108508
V                    114088852
>                    113773924
V                    27798580
<                    219117340
^                    247775788
>                    247670812
^                    247906684
<                    247906900
V                    247893796
======               =====
Total of 46 nodes expanded.
Action               State
======               =====
                     199525284
>                    199525276
>                    199525132
V                    199348228
V                    27397540
<                    218716300
<                    244225468
^                    247940452
>                    247893796
======               =====
Total of 8 nodes expanded.
Action               State
======               =====
                     210579492
^                    213233052
>                    213227220
^                    213273084
<                    213273108
V                    213272380
>                    213231556
V                    175020292
<                    196277932
^                    199992916
>                    199946260
>                    199841284
^                    200195092
<                    200195308
V                    200182204
>                    199867276
V                    27916588
<                    219235348
^                    247893796
======               =====
Total of 28 nodes expanded.
Action               State
======               =====
                     369235236
>                    368867820
V                    24966444
<                    216285204
^                    249720060
^                    249759372
<                    249759396
V                    249757940
V                    249227228
>                    219466532
^                    248124980
>                    247705076
^                    247940948
<                    247941164
<                    247941180
V                    247940452
>                    247893796
======               =====
Total of 23 nodes expanded.
Action               State
======               =====
                     276697980
V                    276697252
>                    276650596
V                    262321372
>                    32738860
^                    247677220
<                    247834684
^                    247860892
>                    247860748
V                    247683844
<                    247893796
======               =====
Total of 10 nodes expanded.
Action               State
======               =====
                     296731820
^                    299385380
>                    299379548
^                    299425412
<                    299425428
V                    299424700
V                    296771140
>                    262758916
^                    296193772
<                    296222932
^                    296223660
>                    296223644
>                    296223356
V                    296046452
<                    296308892
^                    296335100
<                    296335116
V                    296334388
V                    292088692
>                    262327996
>                    32745484
^                    247683844
<                    247893796
======               =====
Total of 956 nodes expanded.
Action               State
======               =====
                     163136548
>                    133375852
^                    162034300
<                    162063460
V                    158348476
>                    132839308
^                    156721348
>                    156301444
V                    27338428
<                    218657188
<                    244166356
^                    247881340
>                    247834684
^                    247860892
>                    247860748
V                    247683844
<                    247893796
======               =====
Total of 71 nodes expanded.
Action               State
======               =====
                     33256452
<                    262838964
<                    296851188
^                    300566172
>                    300560340
V                    262349076
>                    32766564
^                    247704924
^                    247822860
<                    247823148
<                    247823172
V                    247822444
>                    247775788
>                    247670812
^                    247906684
<                    247906900
V                    247893796
======               =====
Total of 65 nodes expanded.
Action               State
======               =====
                     340479660
^                    340512420
<                    340512444
V                    340509532
V                    339978820
>                    305966596
>                    38120332
^                    296046364
<                    296308804
^                    296328460
<                    296328492
V                    296327764
V                    292082068
>                    262321372
>                    32738860
^                    247677220
<                    247834684
^                    247860892
>                    247860748
V                    247683844
<                    247893796
======               =====
Total of 220 nodes expanded.
Action               State
======               =====
                     13206900
^                    314120604
<                    314383044
^                    314389596
<                    314389620
V                    314383796
V                    311199524
>                    302696468
>                    34850204
^                    249788564
^                    250024436
<                    250024652
V                    250018100
<                    250053092
V                    248991668
>                    219230972
^                    247889420
<                    247901084
^                    247906908
>                    247906900
V                    247893796
======               =====
Total of 245 nodes expanded.
Action               State
======               =====
                     59881220
>                    59566292
V                    16578620
<                    131369876
<                    148375988
^                    152090972
>                    152055980
>                    152003492
^                    152298332
<                    152298476
V                    152291924
>                    152029484
V                    23066468
<                    176121476
^                    200003516
<                    200038508
^                    200044332
>                    200044324
>                    200044180
V                    199867276
V                    27916588
<                    219235348
^                    247893796
======               =====
Total of 454 nodes expanded.
Action               State
======               =====
                     210255292
V                    209960452
<                    210275380
<                    210287044
V                    206041348
>                    176280652
>                    23225644
^                    281151676
^                    281446516
<                    281446732
V                    281433628
V                    262327996
>                    32745484
^                    247683844
<                    247893796
======               =====
Total of 93 nodes expanded.
Action               State
======               =====
                     7817308
^                    265743340
<                    265900804
V                    261124396
<                    282382036
^                    284504884
^                    284509980
>                    284509916
V                    284503364
V                    260621324
<                    277627436
^                    281342420
^                    281348244
>                    281348236
>                    281348092
V                    281171188
<                    281433628
V                    262327996
>                    32745484
^                    247683844
<                    247893796
======               =====
Total of 81 nodes expanded.
Action               State
======               =====
                     124459124
>                    90446900
^                    119105348
>                    119052860
V                    33077516
<                    262660028
<                    296672252
^                    298795100
>                    298789268
^                    298808924
>                    298808420
V                    298690484
<                    298847948
^                    298893812
<                    298893852
V                    298893124
V                    296770276
>                    262758052
^                    296192908
^                    296225668
>                    296225524
V                    296048620
<                    296311060
<                    296334388
V                    292088692
>                    262327996
>                    32745484
^                    247683844
<                    247893796
======               =====
Total of 2226 nodes expanded.
Action               State
======               =====
                     298465012
<                    298465156
V                    298438948
V                    260227684
<                    272982268
^                    276697252
>                    276650596
V                    262321372
>                    32738860
^                    247677220
<                    247834684
^                    247860892
>                    247860748
V                    247683844
<                    247893796
======               =====
Total of 25 nodes expanded.
Action               State
======               =====
                     179793332
<                    179793764
<                    179793828
V                    179791644
>                    179750820
V                    174974412
<                    196232052
^                    199947036
>                    199941204
^                    199993620
<                    199993644
V                    199992916
>                    199946260
>                    199841284
^                    200195092
<                    200195308
V                    200182204
>                    199867276
V                    27916588
<                    219235348
^                    247893796
======               =====
Total of 82 nodes expanded.
Action               State
======               =====
                     28606908
^                    329520612
<                    329730564
^                    329769876
>                    329769732
V                    329533860
<                    329848788
V                    305966748
>                    38120484
^                    296046516
<                    296308956
^                    296322060
<                    296322084
V                    296321356
V                    292075660
>                    262314964
>                    32732452
^                    247670812
^                    247906684
<                    247906900
V                    247893796
======               =====
Total of 223 nodes expanded.
Action               State
======               =====
                     13667732
<                    90195236
^                    109300868
<                    109306700
V                    105591716
>                    88585604
>                    12058100
^                    269984132
^                    270278972
<                    270279188
V                    270272636
V                    260719820
<                    277725932
^                    281440916
^                    281446740
>                    281446732
V                    281433628
V                    262327996
>                    32745484
^                    247683844
<                    247893796
======               =====
Total of 666 nodes expanded.
Action               State
======               =====
                     151761268
>                    151498828
V                    22535812
<                    175590820
^                    199472860
^                    199525276
>                    199525132
V                    199348228
V                    27397540
<                    218716300
<                    244225468
^                    247940452
>                    247893796
======               =====
Total of 41 nodes expanded.
Action               State
======               =====
                     148972356
>                    148972292
>                    148971932
V                    148853996
V                    19890980
<                    172945988
^                    206380844
^                    206413604
<                    206413668
V                    206409300
V                    205878588
>                    176117892
^                    199999932
^                    200052348
<                    200052396
V                    200051668
>                    200005012
^                    200044324
>                    200044180
V                    199867276
V                    27916588
<                    219235348
^                    247893796
======               =====
Total of 527 nodes expanded.
Action               State
======               =====
                     252107180
V                    251930276
<                    252140228
V                    218705372
>                    27386612
^                    199337300
^                    199514204
<                    199514348
<                    199514412
V                    199513684
>                    199472860
^                    199525276
>                    199525132
V                    199348228
V                    27397540
<                    218716300
<                    244225468
^                    247940452
>                    247893796
======               =====
Total of 395 nodes expanded.
Action               State
======               =====
                     246253348
V                    246076444
<                    246181420
^                    246227284
<                    246227292
V                    246221468
>                    246180644
>                    246075668
V                    31137308
<                    260719820
<                    277725932
^                    281440916
^                    281446740
>                    281446732
V                    281433628
V                    262327996
>                    32745484
^                    247683844
<                    247893796
======               =====
Total of 223 nodes expanded.
Action               State
======               =====
                     27780708
^                    113756052
<                    113966004
^                    114005316
>                    114004740
V                    113768868
V                    27793524
<                    219112284
^                    247770732
^                    247823148
<                    247823172
V                    247822444
>                    247775788
>                    247670812
^                    247906684
<                    247906900
V                    247893796
======               =====
Total of 48 nodes expanded.
Action               State
======               =====
                     230709932
V                    216380708
<                    224883764
^                    228598748
^                    228604572
>                    228604524
V                    228584868
>                    228532380
^                    228768252
<                    228768468
V                    228761916
V                    219209100
<                    248969796
^                    253215492
^                    253219860
>                    253219852
V                    253206748
<                    253241740
V                    248996044
>                    219235348
^                    247893796
======               =====
Total of 222 nodes expanded.
Action               State
======               =====
                     367108796
>                    366741380
^                    367036220
<                    367036436
<                    367036452
V                    367035724
>                    366994900
V                    347889268
>                    41779252
^                    256717612
<                    256927564
V                    218716300
<                    244225468
^                    247940452
>                    247893796
======               =====
Total of 36 nodes expanded.
Action               State
======               =====
                     23771828
<                    176826836
^                    200708876
>                    200393948
^                    200806724
<                    200806940
V                    200767628
>                    200400212
V                    28449524
<                    219768284
^                    253203140
^                    253242452
<                    253242468
V                    253241740
V                    248996044
>                    219235348
^                    247893796
======               =====
Total of 43 nodes expanded.
Action               State
======               =====
                     206676164
<                    206711156
V                    206180444
>                    176419748
^                    205078196
^                    205110956
<                    205110972
V                    205110244
V                    201395260
>                    175886092
^                    199768132
>                    199348228
V                    27397540
<                    218716300
<                    244225468
^                    247940452
>                    247893796
======               =====
Total of 75 nodes expanded.
Action               State
======               =====
                     370242532
V                    346360492
>                    40250476
^                    298176508
<                    298438948
V                    260227684
<                    272982268
^                    276697252
>                    276650596
V                    262321372
>                    32738860
^                    247677220
<                    247834684
^                    247860892
>                    247860748
V                    247683844
<                    247893796
======               =====
Total of 43 nodes expanded.
Action               State
======               =====
                     143345844
V                    143345116
V                    139099420
>                    130596364
>                    15805108
^                    273731140
<                    273993580
^                    274039444
<                    274039452
V                    274033628
>                    273992804
V                    259663580
<                    268166636
^                    271881620
^                    271887444
>                    271887436
V                    271867780
V                    262314964
>                    32732452
^                    247670812
^                    247906684
<                    247906900
V                    247893796
======               =====
Total of 544 nodes expanded.
Action               State
======               =====
                     213702284
<                    213731444
V                    210547172
>                    176534948
^                    200416988
>                    200364500
V                    28413812
<                    219732572
<                    253744796
^                    256929068
>                    256923236
^                    256969100
<                    256969116
V                    256968388
>                    256927564
V                    218716300
<                    244225468
^                    247940452
>                    247893796
======               =====
Total of 79 nodes expanded.
Action               State
======               =====
                     168058220
^                    168104084
<                    168104124
V                    168099756
V                    167569044
>                    133556820
^                    166991676
^                    167024436
<                    167024484
V                    167023756
V                    162778060
>                    133017364
^                    156899404
^                    156938716
>                    156938428
V                    156820492
V                    27857476
<                    219176236
^                    247834684
^                    247860892
>                    247860748
V                    247683844
<                    247893796
======               =====
Total of 216 nodes expanded.
Action               State
======               =====
                     34907188
^                    292833220
^                    293128060
<                    293128636
<                    293128668
V                    293126484
V                    292065060
>                    262304364
>                    32721852
^                    247660212
^                    248131956
<                    248132244
<                    248132268
V                    248130812
>                    248124980
>                    247705076
^                    247940948
<                    247941164
<                    247941180
V                    247940452
>                    247893796
======               =====
Total of 73 nodes expanded.
Action               State
======               =====
                     114221556
>                    114221508
V                    114201852
>                    113781948
^                    114017820
<                    114018036
<                    114018084
V                    114017356
>                    113970700
^                    114010012
>                    114009796
V                    113773924
V                    27798580
<                    219117340
^                    247775788
>                    247670812
^                    247906684
<                    247906900
V                    247893796
======               =====
Total of 95 nodes expanded.
Action               State
======               =====
                     291957652
>                    262196956
^                    271749772
>                    271592308
^                    271887148
<                    271887436
V                    271867780
V                    262314964
>                    32732452
^                    247670812
^                    247906684
<                    247906900
V                    247893796
======               =====
Total of 37 nodes expanded.
Action               State
======               =====
                     293448820
V                    293389852
<                    293652292
<                    293663956
V                    292071820
>                    262311124
>                    32728612
^                    247666972
<                    247771948
<                    247789444
^                    247792356
>                    247792292
>                    247792220
V                    247674284
<                    247831748
<                    247855076
^                    247860900
>                    247860892
>                    247860748
V                    247683844
<                    247893796
======               =====
Total of 115 nodes expanded.
Action               State
======               =====
                     317038580
V                    302709356
>                    34863092
^                    249801452
<                    249958916
<                    249993908
V                    248932484
>                    219171788
^                    247830236
^                    247856444
>                    247856372
V                    247679468
<                    247889420
<                    247901084
^                    247906908
>                    247906900
V                    247893796
======               =====
Total of 18 nodes expanded.
Action               State
======               =====
                     113790644
^                    113829956
>                    113829740
V                    113770772
V                    27795428
<                    219114188
^                    247772636
^                    247792292
>                    247792220
V                    247674284
<                    247831748
<                    247855076
^                    247860900
>                    247860892
>                    247860748
V                    247683844
<                    247893796
======               =====
Total of 73 nodes expanded.
Action               State
======               =====
                     256894668
>                    256894660
>                    256894516
V                    256717612
<                    256927564
V                    218716300
<                    244225468
^                    247940452
>                    247893796
======               =====
Total of 8 nodes expanded.
Action               State
======               =====
                     232890388
<                    232896220
^                    232901316
>                    232901252
V                    232894700
V                    218565476
<                    244074644
^                    247789628
^                    247795452
>                    247795444
V                    247775788
>                    247670812
^                    247906684
<                    247906900
V                    247893796
======               =====
Total of 45 nodes expanded.
Action               State
======               =====
                     70389236
^                    70441652
>                    70441148
V                    70205276
V                    27217604
<                    218536364
^                    256747628
<                    256765124
^                    256766580
>                    256766524
V                    256746868
>                    256694380
^                    256930252
<                    256930468
V                    256923916
<                    256935580
^                    256940676
>                    256940668
V                    256927564
V                    218716300
<                    244225468
^                    247940452
>                    247893796
======               =====
Total of 334 nodes expanded.
Action               State
======               =====
                     199485900
>                    199485836
>                    199485764
V                    199308860
V                    27358172
<                    218676932
<                    244186100
^                    247901084
^                    247906908
>                    247906900
V                    247893796
======               =====
Total of 11 nodes expanded.
Action               State
======               =====
                     298966124
^                    299011988
<                    299012004
V                    299011276
V                    296888428
>                    262876204
^                    296311060
<                    296334388
V                    292088692
>                    262327996
>                    32745484
^                    247683844
<                    247893796
======               =====
Total of 18 nodes expanded.
Action               State
======               =====
                     185536652
V                    175983836
<                    205744532
^                    208928804
^                    208932444
>                    208932380
V                    208919276
>                    208866788
^                    209043692
<                    209043836
V                    209037284
<                    209066444
V                    205882172
>                    176121476
^                    200003516
<                    200038508
^                    200044332
>                    200044324
>                    200044180
V                    199867276
V                    27916588
<                    219235348
^                    247893796
======               =====
Total of 742 nodes expanded.
Action               State
======               =====
                     7957300
^                    351858676
<                    352173604
V                    347397196
<                    368654836
^                    372369820
>                    372363988
>                    372049060
V                    28147684
<                    219466444
^                    248124892
>                    247704988
^                    247881892
<                    247882036
<                    247882068
V                    247881340
>                    247834684
^                    247860892
>                    247860748
V                    247683844
<                    247893796
======               =====
Total of 243 nodes expanded.
Action               State
======               =====
                     308536076
V                    303759668
<                    320765780
^                    323950052
>                    323944220
>                    323681780
V                    22768076
<                    175823084
^                    199705124
>                    199337708
^                    199809452
<                    199809668
<                    199809684
V                    199808956
>                    199768132
>                    199348228
V                    27397540
<                    218716300
<                    244225468
^                    247940452
>                    247893796
======               =====
Total of 321 nodes expanded.
Action               State
======               =====
                     339782260
>                    305770036
^                    315322852
^                    315362164
<                    315362196
V                    315361468
>                    315326476
>                    315169012
^                    315463852
<                    315464140
V                    315444484
V                    305891668
>                    38045404
^                    252983764
^                    253219636
<                    253219852
V                    253206748
<                    253241740
V                    248996044
>                    219235348
^                    247893796
======               =====
Total of 98 nodes expanded.
Action               State
======               =====
                     349611196
>                    345359668
>                    39249652
^                    340163356
<                    340478284
^                    340511044
<                    340511076
V                    340509620
V                    339978908
>                    305966684
>                    38120420
^                    296046452
<                    296308892
^                    296335100
<                    296335116
V                    296334388
V                    292088692
>                    262327996
>                    32745484
^                    247683844
<                    247893796
======               =====
Total of 106 nodes expanded.
Action               State
======               =====
                     13377588
<                    89905092
^                    109010724
>                    108958236
^                    109253076
<                    109253292
V                    109246740
V                    90141108
>                    13613604
^                    228551964
<                    228761916
V                    219209100
<                    248969796
^                    253215492
^                    253219860
>                    253219852
V                    253206748
<                    253241740
V                    248996044
>                    219235348
^                    247893796
======               =====
Total of 193 nodes expanded.
Action               State
======               =====
                     273462356
V                    259133132
>                    29550620
^                    244488980
^                    244901756
<                    244902044
V                    244882388
<                    244929044
V                    244398332
>                    218889164
^                    257100428
>                    256733012
^                    256968884
<                    256969100
<                    256969116
V                    256968388
>                    256927564
V                    218716300
<                    244225468
^                    247940452
>                    247893796
======               =====
Total of 352 nodes expanded.
Action               State
======               =====
                     27928244
^                    199878932
^                    200055836
<                    200055908
V                    200003492
<                    200038484
^                    200039940
>                    200039876
>                    200039804
V                    199862900
V                    27912212
<                    219230972
^                    247889420
<                    247901084
^                    247906908
>                    247906900
V                    247893796
======               =====
Total of 227 nodes expanded.
Action               State
======               =====
                     256831108
V                    256713172
<                    256923124
V                    218711860
>                    27393100
^                    199343788
^                    199461724
<                    199461940
V                    199409524
<                    199415356
^                    199420452
>                    199420388
V                    199413836
>                    199308860
V                    27358172
<                    218676932
<                    244186100
^                    247901084
^                    247906908
>                    247906900
V                    247893796
======               =====
Total of 437 nodes expanded.
;; Dribble of #<IO TERMINAL-STREAM> finished on 2015-10-21 22:55:19.
